[2025-07-14T02:54:26.113Z] [create-user] RequestError: Conversion failed when converting from a character string to uniqueidentifier.
    at handleError (T:\Project\tripchat-server\node_modules\mssql\lib\tedious\request.js:384:15)
    at Connection.emit (node:events:518:28)
    at Connection.emit (node:domain:489:12)
    at Connection.emit (T:\Project\tripchat-server\node_modules\tedious\src\connection.ts:1927:18)
    at RequestTokenHandler.onErrorMessage (T:\Project\tripchat-server\node_modules\tedious\src\token\handler.ts:386:21)
    at Readable.<anonymous> (T:\Project\tripchat-server\node_modules\tedious\src\token\token-stream-parser.ts:23:55)
    at Readable.emit (node:events:518:28)
    at Readable.emit (node:domain:489:12)
    at addChunk (node:internal/streams/readable:561:12)
    at readableAddChunkPushObjectMode (node:internal/streams/readable:538:3)
[2025-07-14T02:54:31.168Z] [create-user] RequestError: Conversion failed when converting from a character string to uniqueidentifier.
    at handleError (T:\Project\tripchat-server\node_modules\mssql\lib\tedious\request.js:384:15)
    at Connection.emit (node:events:518:28)
    at Connection.emit (node:domain:489:12)
    at Connection.emit (T:\Project\tripchat-server\node_modules\tedious\src\connection.ts:1927:18)
    at RequestTokenHandler.onErrorMessage (T:\Project\tripchat-server\node_modules\tedious\src\token\handler.ts:386:21)
    at Readable.<anonymous> (T:\Project\tripchat-server\node_modules\tedious\src\token\token-stream-parser.ts:23:55)
    at Readable.emit (node:events:518:28)
    at Readable.emit (node:domain:489:12)
    at addChunk (node:internal/streams/readable:561:12)
    at readableAddChunkPushObjectMode (node:internal/streams/readable:538:3)
[2025-07-14T02:54:41.174Z] [create-user] RequestError: Conversion failed when converting from a character string to uniqueidentifier.
    at handleError (T:\Project\tripchat-server\node_modules\mssql\lib\tedious\request.js:384:15)
    at Connection.emit (node:events:518:28)
    at Connection.emit (node:domain:489:12)
    at Connection.emit (T:\Project\tripchat-server\node_modules\tedious\src\connection.ts:1927:18)
    at RequestTokenHandler.onErrorMessage (T:\Project\tripchat-server\node_modules\tedious\src\token\handler.ts:386:21)
    at Readable.<anonymous> (T:\Project\tripchat-server\node_modules\tedious\src\token\token-stream-parser.ts:23:55)
    at Readable.emit (node:events:518:28)
    at Readable.emit (node:domain:489:12)
    at addChunk (node:internal/streams/readable:561:12)
    at readableAddChunkPushObjectMode (node:internal/streams/readable:538:3)
[2025-07-14T02:54:45.339Z] [create-user] RequestError: Conversion failed when converting from a character string to uniqueidentifier.
    at handleError (T:\Project\tripchat-server\node_modules\mssql\lib\tedious\request.js:384:15)
    at Connection.emit (node:events:518:28)
    at Connection.emit (node:domain:489:12)
    at Connection.emit (T:\Project\tripchat-server\node_modules\tedious\src\connection.ts:1927:18)
    at RequestTokenHandler.onErrorMessage (T:\Project\tripchat-server\node_modules\tedious\src\token\handler.ts:386:21)
    at Readable.<anonymous> (T:\Project\tripchat-server\node_modules\tedious\src\token\token-stream-parser.ts:23:55)
    at Readable.emit (node:events:518:28)
    at Readable.emit (node:domain:489:12)
    at addChunk (node:internal/streams/readable:561:12)
    at readableAddChunkPushObjectMode (node:internal/streams/readable:538:3)
[2025-07-14T02:56:57.043Z] [create-user] RequestError: Conversion failed when converting from a character string to uniqueidentifier.
    at handleError (T:\Project\tripchat-server\node_modules\mssql\lib\tedious\request.js:384:15)
    at Connection.emit (node:events:518:28)
    at Connection.emit (node:domain:489:12)
    at Connection.emit (T:\Project\tripchat-server\node_modules\tedious\src\connection.ts:1927:18)
    at RequestTokenHandler.onErrorMessage (T:\Project\tripchat-server\node_modules\tedious\src\token\handler.ts:386:21)
    at Readable.<anonymous> (T:\Project\tripchat-server\node_modules\tedious\src\token\token-stream-parser.ts:23:55)
    at Readable.emit (node:events:518:28)
    at Readable.emit (node:domain:489:12)
    at addChunk (node:internal/streams/readable:561:12)
    at readableAddChunkPushObjectMode (node:internal/streams/readable:538:3)
[2025-07-14T02:57:52.521Z] [create-user] RequestError: Violation of UNIQUE KEY constraint 'User_email_key'. Cannot insert duplicate key in object 'dbo.User'. The duplicate key value is (bonsai@gmail.com).
    at handleError (T:\Project\tripchat-server\node_modules\mssql\lib\tedious\request.js:384:15)
    at Connection.emit (node:events:518:28)
    at Connection.emit (node:domain:489:12)
    at Connection.emit (T:\Project\tripchat-server\node_modules\tedious\src\connection.ts:1927:18)
    at RequestTokenHandler.onErrorMessage (T:\Project\tripchat-server\node_modules\tedious\src\token\handler.ts:386:21)
    at Readable.<anonymous> (T:\Project\tripchat-server\node_modules\tedious\src\token\token-stream-parser.ts:23:55)
    at Readable.emit (node:events:518:28)
    at Readable.emit (node:domain:489:12)
    at addChunk (node:internal/streams/readable:561:12)
    at readableAddChunkPushObjectMode (node:internal/streams/readable:538:3)
[2025-07-14T03:00:32.133Z] [create-user] RequestError: Violation of UNIQUE KEY constraint 'User_email_key'. Cannot insert duplicate key in object 'dbo.User'. The duplicate key value is (bonsai1@gmail.com).
    at handleError (T:\Project\tripchat-server\node_modules\mssql\lib\tedious\request.js:384:15)
    at Connection.emit (node:events:518:28)
    at Connection.emit (node:domain:489:12)
    at Connection.emit (T:\Project\tripchat-server\node_modules\tedious\src\connection.ts:1927:18)
    at RequestTokenHandler.onErrorMessage (T:\Project\tripchat-server\node_modules\tedious\src\token\handler.ts:386:21)
    at Readable.<anonymous> (T:\Project\tripchat-server\node_modules\tedious\src\token\token-stream-parser.ts:23:55)
    at Readable.emit (node:events:518:28)
    at Readable.emit (node:domain:489:12)
    at addChunk (node:internal/streams/readable:561:12)
    at readableAddChunkPushObjectMode (node:internal/streams/readable:538:3)
[2025-07-14T03:37:32.440Z] [create-user] RequestError: Conversion failed when converting from a character string to uniqueidentifier.
    at handleError (T:\Project\tripchat-server\node_modules\mssql\lib\tedious\request.js:384:15)
    at Connection.emit (node:events:518:28)
    at Connection.emit (node:domain:489:12)
    at Connection.emit (T:\Project\tripchat-server\node_modules\tedious\src\connection.ts:1927:18)
    at RequestTokenHandler.onErrorMessage (T:\Project\tripchat-server\node_modules\tedious\src\token\handler.ts:386:21)
    at Readable.<anonymous> (T:\Project\tripchat-server\node_modules\tedious\src\token\token-stream-parser.ts:23:55)
    at Readable.emit (node:events:518:28)
    at Readable.emit (node:domain:489:12)
    at addChunk (node:internal/streams/readable:561:12)
    at readableAddChunkPushObjectMode (node:internal/streams/readable:538:3)
[2025-07-14T03:38:16.605Z] [create-user] RequestError: Conversion failed when converting from a character string to uniqueidentifier.
    at handleError (T:\Project\tripchat-server\node_modules\mssql\lib\tedious\request.js:384:15)
    at Connection.emit (node:events:518:28)
    at Connection.emit (node:domain:489:12)
    at Connection.emit (T:\Project\tripchat-server\node_modules\tedious\src\connection.ts:1927:18)
    at RequestTokenHandler.onErrorMessage (T:\Project\tripchat-server\node_modules\tedious\src\token\handler.ts:386:21)
    at Readable.<anonymous> (T:\Project\tripchat-server\node_modules\tedious\src\token\token-stream-parser.ts:23:55)
    at Readable.emit (node:events:518:28)
    at Readable.emit (node:domain:489:12)
    at addChunk (node:internal/streams/readable:561:12)
    at readableAddChunkPushObjectMode (node:internal/streams/readable:538:3)
[2025-07-14T05:42:26.475Z] [create-room] RequestError: Must declare the scalar variable "@RoomId".
    at handleError (T:\Project\tripchat-server\node_modules\mssql\lib\tedious\request.js:384:15)
    at Connection.emit (node:events:518:28)
    at Connection.emit (node:domain:489:12)
    at Connection.emit (T:\Project\tripchat-server\node_modules\tedious\src\connection.ts:1927:18)
    at RequestTokenHandler.onErrorMessage (T:\Project\tripchat-server\node_modules\tedious\src\token\handler.ts:386:21)
    at Readable.<anonymous> (T:\Project\tripchat-server\node_modules\tedious\src\token\token-stream-parser.ts:23:55)
    at Readable.emit (node:events:518:28)
    at Readable.emit (node:domain:489:12)
    at addChunk (node:internal/streams/readable:561:12)
    at readableAddChunkPushObjectMode (node:internal/streams/readable:538:3)
[2025-07-14T05:44:26.898Z] [create-room] RequestError: Must declare the scalar variable "@RoomId".
    at handleError (T:\Project\tripchat-server\node_modules\mssql\lib\tedious\request.js:384:15)
    at Connection.emit (node:events:518:28)
    at Connection.emit (node:domain:489:12)
    at Connection.emit (T:\Project\tripchat-server\node_modules\tedious\src\connection.ts:1927:18)
    at RequestTokenHandler.onErrorMessage (T:\Project\tripchat-server\node_modules\tedious\src\token\handler.ts:386:21)
    at Readable.<anonymous> (T:\Project\tripchat-server\node_modules\tedious\src\token\token-stream-parser.ts:23:55)
    at Readable.emit (node:events:518:28)
    at Readable.emit (node:domain:489:12)
    at addChunk (node:internal/streams/readable:561:12)
    at readableAddChunkPushObjectMode (node:internal/streams/readable:538:3)
[2025-07-14T06:23:12.398Z] [create-room] RequestError: Cannot insert the value NULL into column 'userId', table 'TripChatDB.dbo.RoomParticipant'; column does not allow nulls. INSERT fails.
    at handleError (T:\Project\tripchat-server\node_modules\mssql\lib\tedious\request.js:384:15)
    at Connection.emit (node:events:518:28)
    at Connection.emit (node:domain:489:12)
    at Connection.emit (T:\Project\tripchat-server\node_modules\tedious\src\connection.ts:1927:18)
    at RequestTokenHandler.onErrorMessage (T:\Project\tripchat-server\node_modules\tedious\src\token\handler.ts:386:21)
    at Readable.<anonymous> (T:\Project\tripchat-server\node_modules\tedious\src\token\token-stream-parser.ts:23:55)
    at Readable.emit (node:events:518:28)
    at Readable.emit (node:domain:489:12)
    at addChunk (node:internal/streams/readable:561:12)
    at readableAddChunkPushObjectMode (node:internal/streams/readable:538:3)
[2025-07-14T06:23:32.598Z] [create-room] RequestError: Cannot insert the value NULL into column 'userId', table 'TripChatDB.dbo.RoomParticipant'; column does not allow nulls. INSERT fails.
    at handleError (T:\Project\tripchat-server\node_modules\mssql\lib\tedious\request.js:384:15)
    at Connection.emit (node:events:518:28)
    at Connection.emit (node:domain:489:12)
    at Connection.emit (T:\Project\tripchat-server\node_modules\tedious\src\connection.ts:1927:18)
    at RequestTokenHandler.onErrorMessage (T:\Project\tripchat-server\node_modules\tedious\src\token\handler.ts:386:21)
    at Readable.<anonymous> (T:\Project\tripchat-server\node_modules\tedious\src\token\token-stream-parser.ts:23:55)
    at Readable.emit (node:events:518:28)
    at Readable.emit (node:domain:489:12)
    at addChunk (node:internal/streams/readable:561:12)
    at readableAddChunkPushObjectMode (node:internal/streams/readable:538:3)
[2025-07-14T06:23:37.859Z] [create-room] RequestError: Cannot insert the value NULL into column 'userId', table 'TripChatDB.dbo.RoomParticipant'; column does not allow nulls. INSERT fails.
    at handleError (T:\Project\tripchat-server\node_modules\mssql\lib\tedious\request.js:384:15)
    at Connection.emit (node:events:518:28)
    at Connection.emit (node:domain:489:12)
    at Connection.emit (T:\Project\tripchat-server\node_modules\tedious\src\connection.ts:1927:18)
    at RequestTokenHandler.onErrorMessage (T:\Project\tripchat-server\node_modules\tedious\src\token\handler.ts:386:21)
    at Readable.<anonymous> (T:\Project\tripchat-server\node_modules\tedious\src\token\token-stream-parser.ts:23:55)
    at Readable.emit (node:events:518:28)
    at Readable.emit (node:domain:489:12)
    at addChunk (node:internal/streams/readable:561:12)
    at readableAddChunkPushObjectMode (node:internal/streams/readable:538:3)
[2025-07-14T06:23:43.359Z] [create-room] RequestError: Cannot insert the value NULL into column 'userId', table 'TripChatDB.dbo.RoomParticipant'; column does not allow nulls. INSERT fails.
    at handleError (T:\Project\tripchat-server\node_modules\mssql\lib\tedious\request.js:384:15)
    at Connection.emit (node:events:518:28)
    at Connection.emit (node:domain:489:12)
    at Connection.emit (T:\Project\tripchat-server\node_modules\tedious\src\connection.ts:1927:18)
    at RequestTokenHandler.onErrorMessage (T:\Project\tripchat-server\node_modules\tedious\src\token\handler.ts:386:21)
    at Readable.<anonymous> (T:\Project\tripchat-server\node_modules\tedious\src\token\token-stream-parser.ts:23:55)
    at Readable.emit (node:events:518:28)
    at Readable.emit (node:domain:489:12)
    at addChunk (node:internal/streams/readable:561:12)
    at readableAddChunkPushObjectMode (node:internal/streams/readable:538:3)
[2025-07-17T01:30:20.580Z] [get-rooms-by-user-id] RequestError: Validation failed for parameter 'userId'. Invalid string.
    at T:\Project\tripchat-server\node_modules\mssql\lib\tedious\request.js:449:19
    at Array.forEach (<anonymous>)
    at Request.userCallback (T:\Project\tripchat-server\node_modules\mssql\lib\tedious\request.js:446:46)
    at Request.callback (T:\Project\tripchat-server\node_modules\tedious\src\request.ts:379:14)
    at T:\Project\tripchat-server\node_modules\tedious\src\connection.ts:2631:17
    at processTicksAndRejections (node:internal/process/task_queues:85:11)
[2025-07-17T01:30:25.768Z] [get-rooms-by-user-id] RequestError: Validation failed for parameter 'userId'. Invalid string.
    at T:\Project\tripchat-server\node_modules\mssql\lib\tedious\request.js:449:19
    at Array.forEach (<anonymous>)
    at Request.userCallback (T:\Project\tripchat-server\node_modules\mssql\lib\tedious\request.js:446:46)
    at Request.callback (T:\Project\tripchat-server\node_modules\tedious\src\request.ts:379:14)
    at T:\Project\tripchat-server\node_modules\tedious\src\connection.ts:2631:17
    at processTicksAndRejections (node:internal/process/task_queues:85:11)
[2025-07-17T01:30:48.770Z] [get-rooms-by-user-id] RequestError: Validation failed for parameter 'userId'. Invalid string.
    at T:\Project\tripchat-server\node_modules\mssql\lib\tedious\request.js:449:19
    at Array.forEach (<anonymous>)
    at Request.userCallback (T:\Project\tripchat-server\node_modules\mssql\lib\tedious\request.js:446:46)
    at Request.callback (T:\Project\tripchat-server\node_modules\tedious\src\request.ts:379:14)
    at T:\Project\tripchat-server\node_modules\tedious\src\connection.ts:2631:17
    at processTicksAndRejections (node:internal/process/task_queues:85:11)
